build/app/intermediates/manifest_merge_blame_file/release/manifest-merger-blame-release-report.txt
1<?xml version="1.0" encoding="utf-8"?>
2<manifest xmlns:android="http://schemas.android.com/apk/res/android"
3    package="com.jss.habittracker"
4    android:versionCode="1"
5    android:versionName="1.0.0" >
6
7    <uses-sdk
8        android:minSdkVersion="19"
8-->src\main\AndroidManifest.xml
9        android:targetSdkVersion="31" />
9-->src\main\AndroidManifest.xml
10
11    <queries>
11-->src\main\AndroidManifest.xml:4:5-15:15
12        <intent>
12-->src\main\AndroidManifest.xml:5:9-8:18
13            <action android:name="android.intent.action.SENDTO" />
13-->src\main\AndroidManifest.xml:6:13-67
13-->src\main\AndroidManifest.xml:6:21-64
14
15            <data android:scheme="mailto" />
15-->src\main\AndroidManifest.xml:7:13-45
15-->src\main\AndroidManifest.xml:7:19-42
16        </intent>
17        <intent>
17-->src\main\AndroidManifest.xml:9:9-14:18
18            <action android:name="android.intent.action.VIEW" />
18-->src\main\AndroidManifest.xml:10:13-65
18-->src\main\AndroidManifest.xml:10:21-62
19
20            <category android:name="android.intent.category.DEFAULT" />
20-->src\main\AndroidManifest.xml:11:13-72
20-->src\main\AndroidManifest.xml:11:23-69
21            <category android:name="android.intent.category.BROWSABLE" />
21-->src\main\AndroidManifest.xml:12:13-74
21-->src\main\AndroidManifest.xml:12:23-71
22
23            <data android:scheme="https" />
23-->src\main\AndroidManifest.xml:7:13-45
23-->src\main\AndroidManifest.xml:7:19-42
24        </intent>
25
26        <package android:name="com.kakao.talk" />
26-->[:kakao_flutter_sdk_common] AndroidManifest.xml:8:9-50
26-->[:kakao_flutter_sdk_common] AndroidManifest.xml:8:18-47
27        <package android:name="com.kakao.onetalk" />
27-->[:kakao_flutter_sdk_common] AndroidManifest.xml:9:9-53
27-->[:kakao_flutter_sdk_common] AndroidManifest.xml:9:18-50
28        <package android:name="com.locnall.KimGiSa" />
28-->[:kakao_flutter_sdk_common] AndroidManifest.xml:10:9-55
28-->[:kakao_flutter_sdk_common] AndroidManifest.xml:10:18-52
29        <package android:name="com.lguplus.navi" />
29-->[:kakao_flutter_sdk_common] AndroidManifest.xml:11:9-52
29-->[:kakao_flutter_sdk_common] AndroidManifest.xml:11:18-49
30
31        <intent>
31-->[:kakao_flutter_sdk_common] AndroidManifest.xml:13:9-19:18
32            <action android:name="android.intent.action.VIEW" />
32-->src\main\AndroidManifest.xml:10:13-65
32-->src\main\AndroidManifest.xml:10:21-62
33
34            <category android:name="android.intent.category.BROWSABLE" />
34-->src\main\AndroidManifest.xml:12:13-74
34-->src\main\AndroidManifest.xml:12:23-71
35
36            <data android:scheme="https" />
36-->src\main\AndroidManifest.xml:7:13-45
36-->src\main\AndroidManifest.xml:7:19-42
37        </intent> <!-- End of browser content -->
38        <!-- For CustomTabsService -->
39        <intent>
39-->[com.google.android.gms:play-services-ads-lite:21.0.0] AndroidManifest.xml:40:9-42:18
40            <action android:name="android.support.customtabs.action.CustomTabsService" />
40-->[com.google.android.gms:play-services-ads-lite:21.0.0] AndroidManifest.xml:41:13-90
40-->[com.google.android.gms:play-services-ads-lite:21.0.0] AndroidManifest.xml:41:21-87
41        </intent>
42    </queries>
43
44    <uses-permission android:name="android.permission.INTERNET" />
44-->src\main\AndroidManifest.xml:16:5-66
44-->src\main\AndroidManifest.xml:16:22-64
45    <uses-permission android:name="android.permission.RECEIVE_BOOT_COMPLETED" />
45-->src\main\AndroidManifest.xml:17:5-80
45-->src\main\AndroidManifest.xml:17:22-78
46    <uses-permission android:name="android.permission.VIBRATE" />
46-->src\main\AndroidManifest.xml:18:5-65
46-->src\main\AndroidManifest.xml:18:22-63
47    <uses-permission android:name="android.permission.MANAGE_EXTERNAL_STORAGE" />
47-->src\main\AndroidManifest.xml:19:5-81
47-->src\main\AndroidManifest.xml:19:22-79
48    <uses-permission android:name="android.permission.WRITE_EXTERNAL_STORAGE" />
48-->src\main\AndroidManifest.xml:20:5-80
48-->src\main\AndroidManifest.xml:20:22-78
49    <uses-permission android:name="android.permission.READ_EXTERNAL_STORAGE" />
49-->src\main\AndroidManifest.xml:21:5-79
49-->src\main\AndroidManifest.xml:21:22-77
50    <uses-permission android:name="android.permission.CAMERA" />
50-->src\main\AndroidManifest.xml:22:5-64
50-->src\main\AndroidManifest.xml:22:22-62
51    <uses-permission android:name="android.permission.USE_FINGERPRINT" />
51-->src\main\AndroidManifest.xml:23:5-73
51-->src\main\AndroidManifest.xml:23:22-71
52    <uses-permission android:name="android.permission.USE_BIOMETRIC" />
52-->src\main\AndroidManifest.xml:24:5-71
52-->src\main\AndroidManifest.xml:24:22-69
53    <uses-permission android:name="android.permission.WAKE_LOCK" />
53-->[:firebase_messaging] AndroidManifest.xml:8:5-68
53-->[:firebase_messaging] AndroidManifest.xml:8:22-65
54    <uses-permission android:name="android.permission.ACCESS_NETWORK_STATE" /> <!-- Permissions options for the `notification` group -->
54-->[:firebase_messaging] AndroidManifest.xml:9:5-79
54-->[:firebase_messaging] AndroidManifest.xml:9:22-76
55    <uses-permission android:name="android.permission.POST_NOTIFICATIONS" />
55-->[:firebase_messaging] AndroidManifest.xml:11:5-77
55-->[:firebase_messaging] AndroidManifest.xml:11:22-74
56    <uses-permission android:name="android.permission.USE_FULL_SCREEN_INTENT" />
56-->[:flutter_local_notifications] AndroidManifest.xml:9:5-81
56-->[:flutter_local_notifications] AndroidManifest.xml:9:22-78
57    <uses-permission android:name="android.permission.SCHEDULE_EXACT_ALARM" /> <!-- Required by older versions of Google Play services to create IID tokens -->
57-->[:flutter_local_notifications] AndroidManifest.xml:10:5-79
57-->[:flutter_local_notifications] AndroidManifest.xml:10:22-76
58    <uses-permission android:name="com.google.android.c2dm.permission.RECEIVE" />
58-->[com.google.firebase:firebase-messaging:23.0.7] AndroidManifest.xml:29:5-82
58-->[com.google.firebase:firebase-messaging:23.0.7] AndroidManifest.xml:29:22-79
59    <uses-permission android:name="com.google.android.gms.permission.AD_ID" />
59-->[com.google.android.gms:play-services-measurement-api:21.1.0] AndroidManifest.xml:25:5-79
59-->[com.google.android.gms:play-services-measurement-api:21.1.0] AndroidManifest.xml:25:22-76
60    <uses-permission android:name="com.google.android.finsky.permission.BIND_GET_INSTALL_REFERRER_SERVICE" />
60-->[com.google.android.gms:play-services-measurement:21.1.0] AndroidManifest.xml:26:5-110
60-->[com.google.android.gms:play-services-measurement:21.1.0] AndroidManifest.xml:26:22-107
61    <uses-permission android:name="android.permission.FOREGROUND_SERVICE" /> <!-- for android -->
61-->[androidx.work:work-runtime:2.7.0] AndroidManifest.xml:28:5-77
61-->[androidx.work:work-runtime:2.7.0] AndroidManifest.xml:28:22-74
62    <!-- <uses-permission android:name="com.android.launcher.permission.READ_SETTINGS"/> -->
63    <!-- <uses-permission android:name="com.android.launcher.permission.WRITE_SETTINGS"/> -->
64    <!-- <uses-permission android:name="com.android.launcher.permission.INSTALL_SHORTCUT" /> -->
65    <!-- <uses-permission android:name="com.android.launcher.permission.UNINSTALL_SHORTCUT" /> -->
66    <!-- for Samsung -->
67    <uses-permission android:name="com.sec.android.provider.badge.permission.READ" />
67-->[me.leolin:ShortcutBadger:1.1.22] AndroidManifest.xml:19:5-86
67-->[me.leolin:ShortcutBadger:1.1.22] AndroidManifest.xml:19:22-83
68    <uses-permission android:name="com.sec.android.provider.badge.permission.WRITE" /> <!-- for htc -->
68-->[me.leolin:ShortcutBadger:1.1.22] AndroidManifest.xml:20:5-87
68-->[me.leolin:ShortcutBadger:1.1.22] AndroidManifest.xml:20:22-84
69    <uses-permission android:name="com.htc.launcher.permission.READ_SETTINGS" />
69-->[me.leolin:ShortcutBadger:1.1.22] AndroidManifest.xml:23:5-81
69-->[me.leolin:ShortcutBadger:1.1.22] AndroidManifest.xml:23:22-78
70    <uses-permission android:name="com.htc.launcher.permission.UPDATE_SHORTCUT" /> <!-- for sony -->
70-->[me.leolin:ShortcutBadger:1.1.22] AndroidManifest.xml:24:5-83
70-->[me.leolin:ShortcutBadger:1.1.22] AndroidManifest.xml:24:22-80
71    <uses-permission android:name="com.sonyericsson.home.permission.BROADCAST_BADGE" />
71-->[me.leolin:ShortcutBadger:1.1.22] AndroidManifest.xml:27:5-88
71-->[me.leolin:ShortcutBadger:1.1.22] AndroidManifest.xml:27:22-85
72    <uses-permission android:name="com.sonymobile.home.permission.PROVIDER_INSERT_BADGE" /> <!-- for apex -->
72-->[me.leolin:ShortcutBadger:1.1.22] AndroidManifest.xml:28:5-92
72-->[me.leolin:ShortcutBadger:1.1.22] AndroidManifest.xml:28:22-89
73    <uses-permission android:name="com.anddoes.launcher.permission.UPDATE_COUNT" /> <!-- for solid -->
73-->[me.leolin:ShortcutBadger:1.1.22] AndroidManifest.xml:31:5-84
73-->[me.leolin:ShortcutBadger:1.1.22] AndroidManifest.xml:31:22-81
74    <uses-permission android:name="com.majeur.launcher.permission.UPDATE_BADGE" /> <!-- for huawei -->
74-->[me.leolin:ShortcutBadger:1.1.22] AndroidManifest.xml:34:5-83
74-->[me.leolin:ShortcutBadger:1.1.22] AndroidManifest.xml:34:22-80
75    <uses-permission android:name="com.huawei.android.launcher.permission.CHANGE_BADGE" />
75-->[me.leolin:ShortcutBadger:1.1.22] AndroidManifest.xml:37:5-91
75-->[me.leolin:ShortcutBadger:1.1.22] AndroidManifest.xml:37:22-88
76    <uses-permission android:name="com.huawei.android.launcher.permission.READ_SETTINGS" />
76-->[me.leolin:ShortcutBadger:1.1.22] AndroidManifest.xml:38:5-92
76-->[me.leolin:ShortcutBadger:1.1.22] AndroidManifest.xml:38:22-89
77    <uses-permission android:name="com.huawei.android.launcher.permission.WRITE_SETTINGS" /> <!-- for ZUK -->
77-->[me.leolin:ShortcutBadger:1.1.22] AndroidManifest.xml:39:5-93
77-->[me.leolin:ShortcutBadger:1.1.22] AndroidManifest.xml:39:22-90
78    <uses-permission android:name="android.permission.READ_APP_BADGE" /> <!-- for OPPO -->
78-->[me.leolin:ShortcutBadger:1.1.22] AndroidManifest.xml:42:5-73
78-->[me.leolin:ShortcutBadger:1.1.22] AndroidManifest.xml:42:22-70
79    <uses-permission android:name="com.oppo.launcher.permission.READ_SETTINGS" />
79-->[me.leolin:ShortcutBadger:1.1.22] AndroidManifest.xml:45:5-82
79-->[me.leolin:ShortcutBadger:1.1.22] AndroidManifest.xml:45:22-79
80    <uses-permission android:name="com.oppo.launcher.permission.WRITE_SETTINGS" /> <!-- for EvMe -->
80-->[me.leolin:ShortcutBadger:1.1.22] AndroidManifest.xml:46:5-83
80-->[me.leolin:ShortcutBadger:1.1.22] AndroidManifest.xml:46:22-80
81    <uses-permission android:name="me.everything.badger.permission.BADGE_COUNT_READ" />
81-->[me.leolin:ShortcutBadger:1.1.22] AndroidManifest.xml:49:5-88
81-->[me.leolin:ShortcutBadger:1.1.22] AndroidManifest.xml:49:22-85
82    <uses-permission android:name="me.everything.badger.permission.BADGE_COUNT_WRITE" />
82-->[me.leolin:ShortcutBadger:1.1.22] AndroidManifest.xml:50:5-89
82-->[me.leolin:ShortcutBadger:1.1.22] AndroidManifest.xml:50:22-86
83
84    <application
85        android:name="android.app.Application"
85-->src\main\AndroidManifest.xml:28:9-42
86        android:appComponentFactory="androidx.core.app.CoreComponentFactory"
86-->[androidx.core:core:1.8.0] AndroidManifest.xml:24:18-86
87        android:icon="@mipmap/ic_launcher"
87-->src\main\AndroidManifest.xml:29:9-43
88        android:label="LinkAI"
88-->src\main\AndroidManifest.xml:27:9-31
89        android:requestLegacyExternalStorage="true" >
89-->src\main\AndroidManifest.xml:26:8-51
90        <activity
90-->src\main\AndroidManifest.xml:30:8-38:19
91            android:name="com.kakao.sdk.flutter.AuthCodeCustomTabsActivity"
91-->src\main\AndroidManifest.xml:30:18-81
92            android:exported="true"
92-->[:kakao_flutter_sdk_common] AndroidManifest.xml:31:13-36
93            android:launchMode="singleTask"
93-->[:kakao_flutter_sdk_common] AndroidManifest.xml:32:13-44
94            android:theme="@style/TransparentCompat" >
94-->[:kakao_flutter_sdk_common] AndroidManifest.xml:33:13-53
95            <intent-filter android:label="flutter_web_auth" >
95-->src\main\AndroidManifest.xml:32:12-37:28
95-->src\main\AndroidManifest.xml:32:27-59
96                <action android:name="android.intent.action.VIEW" />
96-->src\main\AndroidManifest.xml:10:13-65
96-->src\main\AndroidManifest.xml:10:21-62
97
98                <category android:name="android.intent.category.DEFAULT" />
98-->src\main\AndroidManifest.xml:11:13-72
98-->src\main\AndroidManifest.xml:11:23-69
99                <category android:name="android.intent.category.BROWSABLE" />
99-->src\main\AndroidManifest.xml:12:13-74
99-->src\main\AndroidManifest.xml:12:23-71
100
101                <data
101-->src\main\AndroidManifest.xml:7:13-45
102                    android:host="oauth"
102-->src\main\AndroidManifest.xml:36:77-97
103                    android:scheme="kakaob5e60a90f0204c0bb09625df79a11772" />
103-->src\main\AndroidManifest.xml:7:19-42
104            </intent-filter>
105        </activity>
106        <activity
106-->src\main\AndroidManifest.xml:39:9-68:20
107            android:name="com.jss.habittracker.MainActivity"
107-->src\main\AndroidManifest.xml:40:13-41
108            android:configChanges="orientation|keyboardHidden|keyboard|screenSize|smallestScreenSize|locale|layoutDirection|fontScale|screenLayout|density|uiMode"
108-->src\main\AndroidManifest.xml:44:13-163
109            android:exported="true"
109-->src\main\AndroidManifest.xml:41:13-36
110            android:hardwareAccelerated="true"
110-->src\main\AndroidManifest.xml:45:13-47
111            android:launchMode="singleTop"
111-->src\main\AndroidManifest.xml:42:13-43
112            android:showWhenLocked="true"
112-->src\main\AndroidManifest.xml:47:13-42
113            android:theme="@style/Theme.AppCompat.Light"
113-->src\main\AndroidManifest.xml:43:13-57
114            android:turnScreenOn="true"
114-->src\main\AndroidManifest.xml:48:13-40
115            android:windowSoftInputMode="adjustResize" >
115-->src\main\AndroidManifest.xml:46:13-55
116
117            <!--
118                 Specifies an Android theme to apply to this Activity as soon as
119                 the Android process has started. This theme is visible to the user
120                 while the Flutter UI initializes. After that, this theme continues
121                 to determine the Window background behind the Flutter UI.
122            -->
123            <meta-data
123-->src\main\AndroidManifest.xml:54:13-57:17
124                android:name="io.flutter.embedding.android.NormalTheme"
124-->src\main\AndroidManifest.xml:55:15-70
125                android:resource="@style/NormalTheme" />
125-->src\main\AndroidManifest.xml:56:15-52
126            <meta-data
126-->src\main\AndroidManifest.xml:58:13-61:17
127                android:name="com.google.firebase.messaging.default_notification_channel_id"
127-->src\main\AndroidManifest.xml:59:15-91
128                android:value="high_importance_channel" />
128-->src\main\AndroidManifest.xml:60:15-54
129
130            <intent-filter>
130-->src\main\AndroidManifest.xml:62:13-67:29
131                <action android:name="android.intent.action.MAIN" />
131-->src\main\AndroidManifest.xml:63:17-68
131-->src\main\AndroidManifest.xml:63:25-66
132
133                <category android:name="android.intent.category.LAUNCHER" />
133-->src\main\AndroidManifest.xml:64:17-76
133-->src\main\AndroidManifest.xml:64:27-74
134
135                <action android:name="FLUTTER_NOTIFICATION_CLICK" />
135-->src\main\AndroidManifest.xml:65:17-68
135-->src\main\AndroidManifest.xml:65:25-66
136
137                <category android:name="android.intent.category.DEFAULT" />
137-->src\main\AndroidManifest.xml:11:13-72
137-->src\main\AndroidManifest.xml:11:23-69
138            </intent-filter>
139        </activity>
140
141        <provider
142            android:name="androidx.core.content.FileProvider"
142-->src\main\AndroidManifest.xml:70:13-62
143            android:authorities="com.jss.habittracker.provider"
143-->src\main\AndroidManifest.xml:71:13-60
144            android:exported="false"
144-->src\main\AndroidManifest.xml:72:13-37
145            android:grantUriPermissions="true" >
145-->src\main\AndroidManifest.xml:73:13-47
146            <meta-data
146-->src\main\AndroidManifest.xml:74:13-76:57
147                android:name="android.support.FILE_PROVIDER_PATHS"
147-->src\main\AndroidManifest.xml:75:17-67
148                android:resource="@xml/provider_paths" />
148-->src\main\AndroidManifest.xml:76:17-55
149        </provider>
150        <!--
151             Don't delete the meta-data below.
152             This is used by the Flutter tool to generate GeneratedPluginRegistrant.java
153        -->
154        <meta-data
154-->src\main\AndroidManifest.xml:80:9-82:33
155            android:name="flutterEmbedding"
155-->src\main\AndroidManifest.xml:81:13-44
156            android:value="2" />
156-->src\main\AndroidManifest.xml:82:13-30
157        <meta-data
157-->src\main\AndroidManifest.xml:83:9-85:71
158            android:name="com.google.android.gms.ads.APPLICATION_ID"
158-->src\main\AndroidManifest.xml:84:15-71
159            android:value="ca-app-pub-5775667984133884~4968515094" />
159-->src\main\AndroidManifest.xml:85:15-69
160
161        <service
161-->[:firebase_messaging] AndroidManifest.xml:14:9-17:72
162            android:name="io.flutter.plugins.firebase.messaging.FlutterFirebaseMessagingBackgroundService"
162-->[:firebase_messaging] AndroidManifest.xml:15:13-107
163            android:exported="false"
163-->[:firebase_messaging] AndroidManifest.xml:16:13-37
164            android:permission="android.permission.BIND_JOB_SERVICE" />
164-->[:firebase_messaging] AndroidManifest.xml:17:13-69
165        <service
165-->[:firebase_messaging] AndroidManifest.xml:18:9-24:19
166            android:name="io.flutter.plugins.firebase.messaging.FlutterFirebaseMessagingService"
166-->[:firebase_messaging] AndroidManifest.xml:19:13-97
167            android:exported="false" >
167-->[:firebase_messaging] AndroidManifest.xml:20:13-37
168            <intent-filter>
168-->[:firebase_messaging] AndroidManifest.xml:21:13-23:29
169                <action android:name="com.google.firebase.MESSAGING_EVENT" />
169-->[:firebase_messaging] AndroidManifest.xml:22:17-78
169-->[:firebase_messaging] AndroidManifest.xml:22:25-75
170            </intent-filter>
171        </service>
172
173        <receiver
173-->[:firebase_messaging] AndroidManifest.xml:26:9-33:20
174            android:name="io.flutter.plugins.firebase.messaging.FlutterFirebaseMessagingReceiver"
174-->[:firebase_messaging] AndroidManifest.xml:27:13-98
175            android:exported="true"
175-->[:firebase_messaging] AndroidManifest.xml:28:13-36
176            android:permission="com.google.android.c2dm.permission.SEND" >
176-->[:firebase_messaging] AndroidManifest.xml:29:13-73
177            <intent-filter>
177-->[:firebase_messaging] AndroidManifest.xml:30:13-32:29
178                <action android:name="com.google.android.c2dm.intent.RECEIVE" />
178-->[:firebase_messaging] AndroidManifest.xml:31:17-81
178-->[:firebase_messaging] AndroidManifest.xml:31:25-78
179            </intent-filter>
180        </receiver>
181
182        <service
182-->[:firebase_messaging] AndroidManifest.xml:35:9-39:19
183            android:name="com.google.firebase.components.ComponentDiscoveryService"
183-->[:firebase_messaging] AndroidManifest.xml:35:18-89
184            android:directBootAware="true"
184-->[com.google.firebase:firebase-common:20.1.1] AndroidManifest.xml:35:13-43
185            android:exported="false" >
185-->[com.google.firebase:firebase-auth:21.0.7] AndroidManifest.xml:66:13-37
186            <meta-data
186-->[:firebase_messaging] AndroidManifest.xml:36:13-38:85
187                android:name="com.google.firebase.components:io.flutter.plugins.firebase.messaging.FlutterFirebaseAppRegistrar"
187-->[:firebase_messaging] AndroidManifest.xml:37:17-128
188                android:value="com.google.firebase.components.ComponentRegistrar" />
188-->[:firebase_messaging] AndroidManifest.xml:38:17-82
189            <meta-data
189-->[:cloud_firestore] AndroidManifest.xml:9:13-11:85
190                android:name="com.google.firebase.components:io.flutter.plugins.firebase.firestore.FlutterFirebaseFirestoreRegistrar"
190-->[:cloud_firestore] AndroidManifest.xml:10:17-134
191                android:value="com.google.firebase.components.ComponentRegistrar" />
191-->[:cloud_firestore] AndroidManifest.xml:11:17-82
192            <meta-data
192-->[:firebase_auth] AndroidManifest.xml:9:13-11:85
193                android:name="com.google.firebase.components:io.flutter.plugins.firebase.auth.FlutterFirebaseAuthRegistrar"
193-->[:firebase_auth] AndroidManifest.xml:10:17-124
194                android:value="com.google.firebase.components.ComponentRegistrar" />
194-->[:firebase_auth] AndroidManifest.xml:11:17-82
195            <meta-data
195-->[:firebase_storage] AndroidManifest.xml:9:13-11:85
196                android:name="com.google.firebase.components:io.flutter.plugins.firebase.storage.FlutterFirebaseAppRegistrar"
196-->[:firebase_storage] AndroidManifest.xml:10:17-126
197                android:value="com.google.firebase.components.ComponentRegistrar" />
197-->[:firebase_storage] AndroidManifest.xml:11:17-82
198            <meta-data
198-->[:firebase_core] AndroidManifest.xml:9:13-11:85
199                android:name="com.google.firebase.components:io.flutter.plugins.firebase.core.FlutterFirebaseCoreRegistrar"
199-->[:firebase_core] AndroidManifest.xml:10:17-124
200                android:value="com.google.firebase.components.ComponentRegistrar" />
200-->[:firebase_core] AndroidManifest.xml:11:17-82
201            <meta-data
201-->[com.google.firebase:firebase-auth:21.0.7] AndroidManifest.xml:67:13-69:85
202                android:name="com.google.firebase.components:com.google.firebase.auth.FirebaseAuthRegistrar"
202-->[com.google.firebase:firebase-auth:21.0.7] AndroidManifest.xml:68:17-109
203                android:value="com.google.firebase.components.ComponentRegistrar" />
203-->[com.google.firebase:firebase-auth:21.0.7] AndroidManifest.xml:69:17-82
204            <meta-data
204-->[com.google.firebase:firebase-analytics-ktx:21.1.0] AndroidManifest.xml:11:13-13:85
205                android:name="com.google.firebase.components:com.google.firebase.analytics.ktx.FirebaseAnalyticsKtxRegistrar"
205-->[com.google.firebase:firebase-analytics-ktx:21.1.0] AndroidManifest.xml:12:17-126
206                android:value="com.google.firebase.components.ComponentRegistrar" />
206-->[com.google.firebase:firebase-analytics-ktx:21.1.0] AndroidManifest.xml:13:17-82
207            <meta-data
207-->[com.google.firebase:firebase-common-ktx:20.1.1] AndroidManifest.xml:15:13-17:85
208                android:name="com.google.firebase.components:com.google.firebase.ktx.FirebaseCommonKtxRegistrar"
208-->[com.google.firebase:firebase-common-ktx:20.1.1] AndroidManifest.xml:16:17-113
209                android:value="com.google.firebase.components.ComponentRegistrar" />
209-->[com.google.firebase:firebase-common-ktx:20.1.1] AndroidManifest.xml:17:17-82
210            <meta-data
210-->[com.google.firebase:firebase-messaging:23.0.7] AndroidManifest.xml:56:13-58:85
211                android:name="com.google.firebase.components:com.google.firebase.messaging.FirebaseMessagingRegistrar"
211-->[com.google.firebase:firebase-messaging:23.0.7] AndroidManifest.xml:57:17-119
212                android:value="com.google.firebase.components.ComponentRegistrar" />
212-->[com.google.firebase:firebase-messaging:23.0.7] AndroidManifest.xml:58:17-82
213            <meta-data
213-->[com.google.firebase:firebase-firestore:24.2.2] AndroidManifest.xml:20:13-22:85
214                android:name="com.google.firebase.components:com.google.firebase.firestore.FirestoreRegistrar"
214-->[com.google.firebase:firebase-firestore:24.2.2] AndroidManifest.xml:21:17-111
215                android:value="com.google.firebase.components.ComponentRegistrar" />
215-->[com.google.firebase:firebase-firestore:24.2.2] AndroidManifest.xml:22:17-82
216            <meta-data
216-->[com.google.firebase:firebase-storage:20.0.1] AndroidManifest.xml:33:13-35:85
217                android:name="com.google.firebase.components:com.google.firebase.storage.StorageRegistrar"
217-->[com.google.firebase:firebase-storage:20.0.1] AndroidManifest.xml:34:17-107
218                android:value="com.google.firebase.components.ComponentRegistrar" />
218-->[com.google.firebase:firebase-storage:20.0.1] AndroidManifest.xml:35:17-82
219            <meta-data
219-->[com.google.firebase:firebase-datatransport:18.1.5] AndroidManifest.xml:28:13-30:85
220                android:name="com.google.firebase.components:com.google.firebase.datatransport.TransportRegistrar"
220-->[com.google.firebase:firebase-datatransport:18.1.5] AndroidManifest.xml:29:17-115
221                android:value="com.google.firebase.components.ComponentRegistrar" />
221-->[com.google.firebase:firebase-datatransport:18.1.5] AndroidManifest.xml:30:17-82
222            <meta-data
222-->[com.google.android.gms:play-services-measurement-api:21.1.0] AndroidManifest.xml:31:13-33:85
223                android:name="com.google.firebase.components:com.google.firebase.analytics.connector.internal.AnalyticsConnectorRegistrar"
223-->[com.google.android.gms:play-services-measurement-api:21.1.0] AndroidManifest.xml:32:17-139
224                android:value="com.google.firebase.components.ComponentRegistrar" />
224-->[com.google.android.gms:play-services-measurement-api:21.1.0] AndroidManifest.xml:33:17-82
225            <meta-data
225-->[com.google.firebase:firebase-installations:17.0.1] AndroidManifest.xml:18:13-20:85
226                android:name="com.google.firebase.components:com.google.firebase.installations.FirebaseInstallationsRegistrar"
226-->[com.google.firebase:firebase-installations:17.0.1] AndroidManifest.xml:19:17-127
227                android:value="com.google.firebase.components.ComponentRegistrar" />
227-->[com.google.firebase:firebase-installations:17.0.1] AndroidManifest.xml:20:17-82
228        </service>
229
230        <provider
230-->[:firebase_messaging] AndroidManifest.xml:41:9-45:38
231            android:name="io.flutter.plugins.firebase.messaging.FlutterFirebaseMessagingInitProvider"
231-->[:firebase_messaging] AndroidManifest.xml:42:13-102
232            android:authorities="com.jss.habittracker.flutterfirebasemessaginginitprovider"
232-->[:firebase_messaging] AndroidManifest.xml:43:13-88
233            android:exported="false"
233-->[:firebase_messaging] AndroidManifest.xml:44:13-37
234            android:initOrder="99" />
234-->[:firebase_messaging] AndroidManifest.xml:45:13-35
235
236        <receiver
236-->[:flutter_local_notifications] AndroidManifest.xml:14:9-16:40
237            android:name="com.dexterous.flutterlocalnotifications.ScheduledNotificationReceiver"
237-->[:flutter_local_notifications] AndroidManifest.xml:15:13-97
238            android:exported="false" />
238-->[:flutter_local_notifications] AndroidManifest.xml:16:13-37
239        <receiver
239-->[:flutter_local_notifications] AndroidManifest.xml:17:9-26:20
240            android:name="com.dexterous.flutterlocalnotifications.ScheduledNotificationBootReceiver"
240-->[:flutter_local_notifications] AndroidManifest.xml:18:13-101
241            android:exported="false" >
241-->[:flutter_local_notifications] AndroidManifest.xml:19:13-37
242            <intent-filter>
242-->[:flutter_local_notifications] AndroidManifest.xml:20:13-25:29
243                <action android:name="android.intent.action.BOOT_COMPLETED" />
243-->[:flutter_local_notifications] AndroidManifest.xml:21:17-79
243-->[:flutter_local_notifications] AndroidManifest.xml:21:25-76
244                <action android:name="android.intent.action.MY_PACKAGE_REPLACED" />
244-->[:flutter_local_notifications] AndroidManifest.xml:22:17-84
244-->[:flutter_local_notifications] AndroidManifest.xml:22:25-81
245                <action android:name="android.intent.action.QUICKBOOT_POWERON" />
245-->[:flutter_local_notifications] AndroidManifest.xml:23:17-82
245-->[:flutter_local_notifications] AndroidManifest.xml:23:25-79
246                <action android:name="com.htc.intent.action.QUICKBOOT_POWERON" />
246-->[:flutter_local_notifications] AndroidManifest.xml:24:17-82
246-->[:flutter_local_notifications] AndroidManifest.xml:24:25-79
247            </intent-filter>
248        </receiver>
249
250        <activity
250-->[:kakao_flutter_sdk_common] AndroidManifest.xml:23:9-28:56
251            android:name="com.kakao.sdk.flutter.TalkAuthCodeActivity"
251-->[:kakao_flutter_sdk_common] AndroidManifest.xml:24:13-70
252            android:configChanges="orientation|screenSize|keyboardHidden"
252-->[:kakao_flutter_sdk_common] AndroidManifest.xml:25:13-74
253            android:exported="false"
253-->[:kakao_flutter_sdk_common] AndroidManifest.xml:26:13-37
254            android:launchMode="singleTask"
254-->[:kakao_flutter_sdk_common] AndroidManifest.xml:27:13-44
255            android:theme="@style/TransparentCompat" />
255-->[:kakao_flutter_sdk_common] AndroidManifest.xml:28:13-53
256
257        <meta-data
257-->[:google_mobile_ads] AndroidManifest.xml:10:9-12:36
258            android:name="io.flutter.embedded_views_preview"
258-->[:google_mobile_ads] AndroidManifest.xml:11:13-61
259            android:value="true" />
259-->[:google_mobile_ads] AndroidManifest.xml:12:13-33
260
261        <provider
261-->[:share_plus] AndroidManifest.xml:8:9-16:20
262            android:name="dev.fluttercommunity.plus.share.ShareFileProvider"
262-->[:share_plus] AndroidManifest.xml:9:13-77
263            android:authorities="com.jss.habittracker.flutter.share_provider"
263-->[:share_plus] AndroidManifest.xml:10:13-74
264            android:exported="false"